<?xml version="1.0" encoding="UTF-8"?>
<testsuite name="com.mck.rp.tetscases.DataManagement.SupportiveCare.SupportiveCareRegimenManagementSmokeTest" tests="1" skipped="0" failures="0" errors="0" timestamp="2021-01-22T16:34:53" hostname="OXC02C98EPMD6R" time="38.135">
  <properties/>
  <testcase name="suppCareRgimenSearchAndFilters" classname="com.mck.rp.tetscases.DataManagement.SupportiveCare.SupportiveCareRegimenManagementSmokeTest" time="38.135"/>
  <system-out><![CDATA[Running on Environment: staging
Property{headless=false, defaultUsername=Rpautomation10@gmail.com, chromeDriverPathForGrid=desktop/automationprojects/seleniumserver/chrome, browser=chrome, incognito=false, remote=false, huburl=http://localhost:4444/, defaultPassword=Automate1, url=https://staging-regimenprofiler.mckesson.com/login, implicit.wait=0}
Executing on browser : chrome
Running thru regular Selenium Set up
onTestStart method suppCareRgimenSearchAndFilters start
onTestStart method suppCareRgimenSearchAndFilters start
Row Data: Aprepitant (CINVANTI) (130) IV Infusion + Granisetron + Dexamethasone (10)AntiemeticMcKesson03/19/2020Active
onTestSuccess method suppCareRgimenSearchAndFilters Passed
onTestSuccess method suppCareRgimenSearchAndFilters Passed
suppCareRgimenSearchAndFilters passed!
]]></system-out>
  <system-err><![CDATA[Starting ChromeDriver 87.0.4280.88 (89e2380a3e36c3464b5dd1302349b1382549290d-refs/branch-heads/4280@{#1761}) on port 33049
Only local connections are allowed.
Please see https://chromedriver.chromium.org/security-considerations for suggestions on keeping ChromeDriver safe.
[1611333287.368][WARNING]: FromSockAddr failed on netmask
ChromeDriver was started successfully.
Jan 22, 2021 10:34:49 AM org.openqa.selenium.remote.ProtocolHandshake createSession
INFO: Detected dialect: W3C
]]></system-err>
</testsuite>
